<?xml version="1.0" encoding="utf-8"?><testsuites name="pytest tests"><testsuite name="pytest" errors="0" failures="0" skipped="0" tests="7" time="4.402" timestamp="2026-09-03T14:20:25.851301+00:00" hostname="agent-env-3634227f-206d-4ab4-8752-939b4d528fc9"><testcase classname="tests.test_autotrade" name="test_autotrade_get_shape" time="0.341" /><testcase classname="tests.test_autotrade" name="test_autotrade_default_enabled_true" time="0.164" /><testcase classname="tests.test_autotrade" name="test_autotrade_toggle_off_then_on_opens_auto_trade" time="1.495" /><testcase classname="tests.test_autotrade" name="test_autotrade_no_duplicate_on_retoggle" time="1.559" /><testcase classname="tests.test_autotrade" name="test_manual_trade_has_source_manual_and_coexists" time="0.268" /><testcase classname="tests.test_autotrade" name="test_trades_persist_across_calls" time="0.110" /><testcase classname="tests.test_autotrade" name="test_paper_stats_shape" time="0.100" /></testsuite></testsuites>