<?xml version="1.0" encoding="utf-8"?><testsuites name="pytest tests"><testsuite name="pytest" errors="0" failures="0" skipped="0" tests="8" time="3.062" timestamp="2026-09-03T09:46:02.138371+00:00" hostname="agent-env-3634227f-206d-4ab4-8752-939b4d528fc9"><testcase classname="tests.test_new_features.TestSettings" name="test_get_settings" time="0.323" /><testcase classname="tests.test_new_features.TestBacktest" name="test_backtest_default_15m" time="1.015" /><testcase classname="tests.test_new_features.TestSettings" name="test_put_settings_updates" time="0.423" /><testcase classname="tests.test_new_features.TestSettings" name="test_settings_affects_analysis" time="0.593" /><testcase classname="tests.test_new_features.TestBacktest" name="test_backtest_other_tfs[1m]" time="0.287" /><testcase classname="tests.test_new_features.TestBacktest" name="test_backtest_other_tfs[1h]" time="0.613" /><testcase classname="tests.test_new_features.TestSettings" name="test_settings_reset" time="0.248" /><testcase classname="tests.test_new_features.TestBacktest" name="test_backtest_other_tfs[4h]" time="0.590" /></testsuite></testsuites>