<?xml version="1.0" encoding="utf-8"?><testsuites name="pytest tests"><testsuite name="pytest" errors="0" failures="1" skipped="0" tests="8" time="29.540" timestamp="2026-09-03T13:51:58.448490+00:00" hostname="agent-env-3634227f-206d-4ab4-8752-939b4d528fc9"><testcase classname="tests.test_paper_trading.TestPaperTrading" name="test_get_trades_shape" time="0.147" /><testcase classname="tests.test_paper_trading.TestPaperTrading" name="test_open_defaults" time="0.139" /><testcase classname="tests.test_paper_trading.TestPaperTrading" name="test_open_explicit_sl_tp" time="0.124" /><testcase classname="tests.test_paper_trading.TestPaperTrading" name="test_unrealized_pnl_signs" time="1.241" /><testcase classname="tests.test_paper_trading.TestPaperTrading" name="test_close_manual" time="0.111" /><testcase classname="tests.test_paper_trading.TestPaperTrading" name="test_auto_close_tp_long" time="26.135"><failure message="AssertionError: Trade did not auto-close within 25s&#10;assert None is not None">backend/tests/test_paper_trading.py:143: in test_auto_close_tp_long
    assert closed is not None, "Trade did not auto-close within 25s"
E   AssertionError: Trade did not auto-close within 25s
E   assert None is not None</failure></testcase><testcase classname="tests.test_paper_trading.TestPaperTrading" name="test_stats" time="0.039" /><testcase classname="tests.test_paper_trading.TestPaperTrading" name="test_persistence" time="1.070" /></testsuite></testsuites>