<?xml version="1.0" encoding="utf-8"?><testsuites name="pytest tests"><testsuite name="pytest" errors="0" failures="0" skipped="0" tests="22" time="1.602" timestamp="2026-09-03T09:28:45.159174+00:00" hostname="agent-env-3634227f-206d-4ab4-8752-939b4d528fc9"><testcase classname="tests.test_mib_trader.TestMarket" name="test_ticker" time="0.169" /><testcase classname="tests.test_mib_trader.TestAnalysis" name="test_analysis_all_tfs[1m]" time="0.167" /><testcase classname="tests.test_mib_trader.TestAnalysis" name="test_analysis_all_tfs[5m]" time="0.091" /><testcase classname="tests.test_mib_trader.TestMarket" name="test_candles_all_tfs[1m]" time="0.034" /><testcase classname="tests.test_mib_trader.TestMarket" name="test_candles_all_tfs[5m]" time="0.056" /><testcase classname="tests.test_mib_trader.TestAnalysis" name="test_analysis_all_tfs[15m]" time="0.065" /><testcase classname="tests.test_mib_trader.TestMarket" name="test_candles_all_tfs[15m]" time="0.066" /><testcase classname="tests.test_mib_trader.TestAnalysis" name="test_analysis_all_tfs[30m]" time="0.065" /><testcase classname="tests.test_mib_trader.TestMarket" name="test_candles_all_tfs[30m]" time="0.065" /><testcase classname="tests.test_mib_trader.TestAnalysis" name="test_analysis_all_tfs[1h]" time="0.062" /><testcase classname="tests.test_mib_trader.TestMarket" name="test_candles_all_tfs[1h]" time="0.061" /><testcase classname="tests.test_mib_trader.TestAnalysis" name="test_analysis_all_tfs[4h]" time="0.066" /><testcase classname="tests.test_mib_trader.TestMarket" name="test_candles_all_tfs[4h]" time="0.032" /><testcase classname="tests.test_mib_trader.TestMarket" name="test_candles_all_tfs[1d]" time="0.036" /><testcase classname="tests.test_mib_trader.TestAnalysis" name="test_analysis_all_tfs[1d]" time="0.084" /><testcase classname="tests.test_mib_trader.TestMarket" name="test_sync_status" time="0.089" /><testcase classname="tests.test_mib_trader.TestAnalysis" name="test_agent_single" time="0.082" /><testcase classname="tests.test_mib_trader.TestMarket" name="test_sync_trigger" time="0.422" /><testcase classname="tests.test_mib_trader.TestAnalysis" name="test_agent_bad_id" time="0.035" /><testcase classname="tests.test_mib_trader.TestRootAndConfig" name="test_root" time="0.036" /><testcase classname="tests.test_mib_trader.TestRootAndConfig" name="test_config" time="0.037" /><testcase classname="tests.test_mib_trader.TestMarket" name="test_gaps" time="0.035" /></testsuite></testsuites>